***************************************************************************
* Functionally Gradient Material (FGM) Implmentation, Dec. 1996           *
* Ar-H jet in Air, NiCrAlY and ZrO2, pseudo 3-D                           *
***************************************************************************
 ------------------------------ OPTIONAL PARAMETERS
 INCOMP=    0
   LDT =    1
 ISWIRL=    0
  ICYL =    1
 NODIFF=    0
  LWALL=   -1
  NLTE =    0
 ICONDP=    0
 IEVAP =    0
 IPOST =    0
 IFLUCT=    0
 -------------------------------- TIME STEP CONTROL
  NMAX=  900000
  NCYC=       0
  JUMP=     100
 DTJUMP=   1.00000E-04
   DT  =   5.00000E-12
  DTMAX=   1.00000E-07
  TMAX =   5.00000E-03
 TIMPTL=   3.00000E-03
 SAFEDT=   6.00000E-01
 SAFDTD=   8.00000E-01
 DTGROW=   1.02000E+00
 -------------------------------- GRID CONTROL BY Y
     NX=     56
     NY=     65
     NZ=      1
 X(1)  =   0.00000E+00
 Y(1)  =   0.00000E+00
 Z(1)  =   0.00000E+00
 XL    =   6.00000E+00
 YL    =   1.50000E+01
 ZL    =   1.00000E+00
IGRIDX =      1
IGRIDY =      1
IGRIDZ =      0
ICIN   =     11
ICOUT  =     30
 ------------------------------ ACCELERATION METHOD
 MACCEL=    0
  PGS =    1.00000E+00
  DAMP=    0.00000E+00
  THETA=   2.00000E-01
  RELAX=   4.00000E-03
  PQDIF=   4.00000E-02
 -------------------------- INTERPOLATED DONOR-CELL
  ADC =    1.00000E+00
  BDC =    0.00000E+00
 --------------------------------- TURBULENCE MODEL
  ITURB=    2
  KECOR=    0
 ============= TORCH OPERATING CONDITIONS, BY Y.P. 
  CURCY=   5.50000E+02
  VOLTG=   6.70000E+01
  EFFCY=   6.00000E-01
  FLRT1=   4.20000E+01
  FLRT2=   6.00000E+00
  PWVEL=   4.00000E+00
  PWTEP=   1.00000E+01
  SWIRN=   0.00000E+00
 ============= AMBIENT CONDITIONS, BY Y.P. WAN, 10-
  PAMB =   1.01000E+06
 TEMAMB=   3.00000E+02
     GX=   0.00000E+00
     GY=   0.00000E+00
     GZ=   0.00000E+00
 ========================================== SPECIES
  IELC =   13
      Ar  G   MW1   3.99480E+01  HTF1   0.00000E+00  QOM1   0.00000E+00
     Ar+  G   MW2   3.99475E+01  HTF2   1.51862E+13  QOM2   7.24090E+12
      H2  G   MW3   2.01580E+00  HTF3   0.00000E+00  QOM3   0.00000E+00
      H   G   MW4   1.00790E+00  HTF4   2.16037E+12  QOM4   0.00000E+00
      H+  G   MW5   1.00735E+00  HTF5   1.52808E+13  QOM5   2.87145E+14
      N2  G   MW6   2.80134E+01  HTF6   0.00000E+00  QOM6   0.00000E+00
     N2+  G   MW7   2.80129E+01  HTF7   1.50330E+13  QOM7   1.03258E+13
      N   G   MW8   1.40067E+01  HTF8   4.70821E+12  QOM8   0.00000E+00
      N+  G   MW9   1.40062E+01  HTF9   1.87315E+13  QOM9   2.06520E+13
      O2  G  MW10   3.19988E+01 HTF10   0.00000E+00 QOM10   0.00000E+00
      O   G  MW11   1.59994E+01 HTF11   2.46789E+12 QOM11   0.00000E+00
      O+  G  MW12   1.59989E+01 HTF12   1.56073E+13 QOM12   1.80798E+13
      e-  G  MW13   5.49000E-04 HTF13   0.00000E+00 QOM13  -5.26877E+17
      HO  G  MW14   1.70073E+01 HTF14   3.83882E+11 QOM14   0.00000E+00
     H2O  G  MW15   1.80152E+01 HTF15  -2.38919E+12 QOM15   0.00000E+00
 =========================== SLOW KINETIC REACTIONS
  NRK =     3
 ------------------------------- H2 + M <--> 2H + M


                                KINETIC REACTION    1
 QR =       -4.320733E+12
 FEK, FRK, TFLAGK =      0.00000000E+00      0.00000000E+00      0.00000000E+00
 CF, EF, ZETAF =      2.23000000E+12      4.66000000E+04      5.00000000E-01


                            EQUILIBRIUM CONSTANT
 AKS, BKS, CKS, DKS, EKS =    9.90207000E-01   -5.17916000E+01    9.93074000E-01   -3.43428000E-01    1.11668000E-02
 TCUTL1=    1.25000E+03 TCUTH1=    2.00000E+04
  LHS STOICHIOMETRIC COEFS =    0    0    1    0    0    0    0    0    0    0    0    0    0    0    0

  RHS STOICHIOMETRIC COEFS =    0    0    0    2    0    0    0    0    0    0    0    0    0    0    0

 3RD BODY EFFICIENCIES =   1.000   1.000   1.000   1.000   1.000   1.000   1.000   1.000
                                1.000   1.000   1.000   1.000  14.750   1.000   1.000
  FORWARD SPECIES EXPONENTS =   0.000   0.000   1.000   0.000   0.000   0.000   0.000   0.000
                                0.000   0.000   0.000   0.000   0.000   0.000   0.000
 BACKWARD SPECIES EXPONENTS =   0.000   0.000   0.000   2.000   0.000   0.000   0.000   0.000
                                0.000   0.000   0.000   0.000   0.000   0.000   0.000
 ------------------------------- N2 + M <--> 2N + M


                                KINETIC REACTION    2
 QR =       -9.416427E+12
 FEK, FRK, TFLAGK =      0.00000000E+00      0.00000000E+00      0.00000000E+00
 CF, EF, ZETAF =      3.70000000E+21      1.13200000E+05     -1.60000000E+00


                            EQUILIBRIUM CONSTANT
 AKS, BKS, CKS, DKS, EKS =    7.94709000E-01   -1.13208000E+02    3.16837000E+00   -4.43814000E-01    2.69699000E-02
 TCUTL2=    1.25000E+03 TCUTH2=    2.00000E+04
  LHS STOICHIOMETRIC COEFS =    0    0    0    0    0    1    0    0    0    0    0    0    0    0    0

  RHS STOICHIOMETRIC COEFS =    0    0    0    0    0    0    0    2    0    0    0    0    0    0    0

 3RD BODY EFFICIENCIES =   1.000   1.000   1.000   1.000   1.000   1.000   1.000   4.486
                                4.486   1.000   1.000   1.0002243.000   1.000   1.000
  FORWARD SPECIES EXPONENTS =   0.000   0.000   0.000   0.000   0.000   1.000   0.000   0.000
                                0.000   0.000   0.000   0.000   0.000   0.000   0.000
 BACKWARD SPECIES EXPONENTS =   0.000   0.000   0.000   0.000   0.000   0.000   0.000   2.000
                                0.000   0.000   0.000   0.000   0.000   0.000   0.000
 ------------------------------- O2 + M <--> 2O + M


                                KINETIC REACTION    3
 QR =       -4.935781E+12
 FEK, FRK, TFLAGK =      0.00000000E+00      0.00000000E+00      0.00000000E+00
 CF, EF, ZETAF =      1.85000000E+11      4.81000000E+04      5.00000000E-01


                            EQUILIBRIUM CONSTANT
 AKS, BKS, CKS, DKS, EKS =    4.31310000E-01   -5.96554000E+01    3.50335000E+00   -3.40016000E-01    1.58715000E-02
 TCUTL3=    1.25000E+03 TCUTH3=    2.00000E+04
  LHS STOICHIOMETRIC COEFS =    0    0    0    0    0    0    0    0    0    1    0    0    0    0    0

  RHS STOICHIOMETRIC COEFS =    0    0    0    0    0    0    0    0    0    0    2    0    0    0    0

 3RD BODY EFFICIENCIES =   1.000   1.000   1.000   1.000   1.000   1.000   1.000   1.000
                                1.000   1.000   1.000   1.000  45.189   1.000   1.000
  FORWARD SPECIES EXPONENTS =   0.000   0.000   0.000   0.000   0.000   0.000   0.000   0.000
                                0.000   1.000   0.000   0.000   0.000   0.000   0.000
 BACKWARD SPECIES EXPONENTS =   0.000   0.000   0.000   0.000   0.000   0.000   0.000   0.000
                                0.000   0.000   2.000   0.000   0.000   0.000   0.000
 =========== FAST KINETIC AND EQUILIBRIUM REACTIONS
  NRE =    10
 FEE, FRE, TFLAGE =      0.00000000E+00      0.00000000E+00      0.00000000E+00
 CFE, EFE, ZETAFE =      1.80000000E+00      0.00000000E+00      1.00000000E+00


           FAST KINETIC AND EQUILIBRIUM REACTION    1
                ----------------------- Ar + e- <--> Ar+ + e- + e-
 AS, BS, CS, DS, ES =    1.50000000E+00   -1.83100000E+02   -6.48700000E+00    0.00000000E+00    0.00000000E+00
 TCUTL1=    3.00000E+03 TCUTH1=    3.00000E+04
 QEQ =   -1.51862464E+13          NLM =    3
 AN =    1    0    0    0    0    0    0    0    0    0    0    0    1    0    0

 BN =    0    1    0    0    0    0    0    0    0    0    0    0    2    0    0

 CN =    1    2   13    0    0    0    0    0    0    0    0    0    0    0    0

 FEE, FRE, TFLAGE =      0.00000000E+00      0.00000000E+00      0.00000000E+00
 CFE, EFE, ZETAFE =      1.51000000E+31      1.58000000E+05     -3.00000000E+00


           FAST KINETIC AND EQUILIBRIUM REACTION    2
                ------------------------- H + e- <--> H+ + e- + e-
 AS, BS, CS, DS, ES =    1.50000000E+00   -1.57700000E+02   -8.97500000E+00    0.00000000E+00    0.00000000E+00
 TCUTL2=    3.00000E+03 TCUTH2=    3.00000E+04
 QEQ =   -1.31204801E+13          NLM =    3
 AN =    0    0    0    1    0    0    0    0    0    0    0    0    1    0    0

 BN =    0    0    0    0    1    0    0    0    0    0    0    0    2    0    0

 CN =    4    5   13    0    0    0    0    0    0    0    0    0    0    0    0

 FEE, FRE, TFLAGE =      0.00000000E+00      0.00000000E+00      0.00000000E+00
 CFE, EFE, ZETAFE =      2.50000000E+34      1.68600000E+05     -3.82000000E+00


           FAST KINETIC AND EQUILIBRIUM REACTION    3
                ------------------------- N + e- <--> N+ + e- + e-
 AS, BS, CS, DS, ES =    1.25000000E+00   -1.68700000E+02   -7.13500000E+00    0.00000000E+00    0.00000000E+00
 TCUTEL3=   3.00000E+03 TCUTEH3=   2.00000E+04
 QEQ =   -1.40233036E+13          NLM =    3
 AN =    0    0    0    0    0    0    0    1    0    0    0    0    1    0    0

 BN =    0    0    0    0    0    0    0    0    1    0    0    0    2    0    0

 CN =    8    9   13    0    0    0    0    0    0    0    0    0    0    0    0

 FEE, FRE, TFLAGE =      0.00000000E+00      0.00000000E+00      0.00000000E+00
 CFE, EFE, ZETAFE =      1.34000000E+31      1.58000000E+05     -3.00000000E+00


           FAST KINETIC AND EQUILIBRIUM REACTION    4
                ------------------------- O + e- <--> O+ + e- + e-
 AS, BS, CS, DS, ES =    1.75000000E+00   -1.57900000E+02   -9.59700000E+00    0.00000000E+00    0.00000000E+00
 TCUTEL4=   3.00000E+03 TCUTEH3=   2.00000E+04
 QEQ =   -1.31394336E+13          NLM =    3
 AN =    0    0    0    0    0    0    0    0    0    0    1    0    1    0    0

 BN =    0    0    0    0    0    0    0    0    0    0    0    1    2    0    0

 CN =   11   12   13    0    0    0    0    0    0    0    0    0    0    0    0

 FEE, FRE, TFLAGE =      0.00000000E+00      0.00000000E+00      0.00000000E+00
 CFE, EFE, ZETAFE =      9.85000000E+12      1.21000000E+04     -1.80000000E-01


           FAST KINETIC AND EQUILIBRIUM REACTION    5
                ----------------------------- N2 + N+ <--> N2+ + N
 AS, BS, CS, DS, ES =    1.75000000E+00   -1.57900000E+02   -9.59700000E+00    0.00000000E+00    0.00000000E+00
 TCUTEL5=   3.00000E+03 TCUTEH4=   2.00000E+04
 QEQ =   -1.00972472E+12          NLM =    4
 AN =    0    0    0    0    0    1    0    0    1    0    0    0    0    0    0

 BN =    0    0    0    0    0    0    1    1    0    0    0    0    0    0    0

 CN =    6    7    8    9    0    0    0    0    0    0    0    0    0    0    0

 FEE, FRE, TFLAGE =      0.00000000E+00      0.00000000E+00      0.00000000E+00
 CFE, EFE, ZETAFE =      1.79000000E+11      6.75000000E+04     -7.70000000E-01


           FAST KINETIC AND EQUILIBRIUM REACTION    6
                ------------------------------ N + N <--> N2+ + e-
 AS, BS, CS, DS, ES =    1.75000000E+00   -1.57900000E+02   -9.59700000E+00    0.00000000E+00    0.00000000E+00
 TCUTEL6=   3.00000E+03 TCUTEH6=   2.00000E+04
 QEQ =   -5.61660160E+12          NLM =    3
 AN =    0    0    0    0    0    0    0    2    0    0    0    0    0    0    0

 BN =    0    0    0    0    0    0    1    0    0    0    0    0    1    0    0

 CN =    7    8   13    0    0    0    0    0    0    0    0    0    0    0    0

 FEE, FRE, TFLAGE =      0.00000000E+00      0.00000000E+00      0.00000000E+00
 CFE, EFE, ZETAFE =      2.00000000E+14      8.45530000E+03      0.00000000E+00


           FAST KINETIC AND EQUILIBRIUM REACTION    7
                ------------------------------- H + O2 <--> OH + O
 AS, BS, CS, DS, ES =   -6.05918000E-01   -8.84350000E+00    3.22030300E+00    8.34510000E-02   -4.79090000E-03
 TCUTEL7=   1.20000E+03 TCUTEH7=   1.00000E+04
 QEQ =   -6.91406000E+11          NLM =    4
 AN =    0    0    0    1    0    0    0    0    0    1    0    0    0    0    0

 BN =    0    0    0    0    0    0    0    0    0    0    1    0    0    1    0

 CN =    4   10   11   14    0    0    0    0    0    0    0    0    0    0    0

 FEE, FRE, TFLAGE =      0.00000000E+00      0.00000000E+00      0.00000000E+00
 CFE, EFE, ZETAFE =      1.80000000E+10      4.44170000E+03      1.00000000E+00


           FAST KINETIC AND EQUILIBRIUM REACTION    8
                ------------------------------- H2 + O <--> OH + H
 AS, BS, CS, DS, ES =   -4.70210000E-02   -9.79700000E-01    7.10027000E-01    8.00390000E-02   -9.49560000E-03
 TCUTEL8=   1.20000E+03 TCUTEH8=   1.00000E+04
 QEQ =   -7.63580000E+10          NLM =    4
 AN =    0    0    1    0    0    0    0    0    0    0    1    0    0    0    0

 BN =    0    0    0    1    0    0    0    0    0    0    0    0    0    1    0

 CN =    3    4   11   14    0    0    0    0    0    0    0    0    0    0    0

 FEE, FRE, TFLAGE =      0.00000000E+00      0.00000000E+00      0.00000000E+00
 CFE, EFE, ZETAFE =      5.90000000E+09      8.56960000E+03      1.30000000E+00


           FAST KINETIC AND EQUILIBRIUM REACTION    9
                --------------------------------- H2O + O <--> 2OH
 AS, BS, CS, DS, ES =    3.63786000E-01   -8.59590000E+00    2.51440250E+00   -2.64152000E-01    1.52378000E-02
 TCUTEL9=   1.20000E+03 TCUTEH9=   1.00000E+04
 QEQ =   -6.89062960E+11          NLM =    3
 AN =    0    0    0    0    0    0    0    0    0    0    1    0    0    0    1

 BN =    0    0    0    0    0    0    0    0    0    0    0    0    0    2    0

 CN =   11   14   15    0    0    0    0    0    0    0    0    0    0    0    0

 FEE, FRE, TFLAGE =      0.00000000E+00      0.00000000E+00      0.00000000E+00
 CFE, EFE, ZETAFE =      1.17000000E+09      1.82460000E+03      1.30000000E+00


           FAST KINETIC AND EQUILIBRIUM REACTION   10
                ----------------------------- H2 + OH <--> H2O + H
 AS, BS, CS, DS, ES =   -4.10807000E-01    7.61620000E+00   -1.80437550E+00    3.44191000E-01   -2.47334000E-02
 TCUTL10=   1.20000E+03 TCUTH10=   1.00000E+04
 QEQ =    6.12704960E+11          NLM =    4
 AN =    0    0    1    0    0    0    0    0    0    0    0    0    0    1    0

 BN =    0    0    0    1    0    0    0    0    0    0    0    0    0    0    1

 CN =    3    4   14   15    0    0    0    0    0    0    0    0    0    0    0

 =============================== PARTICLE INJECTION
 IPTCL=     0
 I3DP2D=    1
 ICARRY=    1
     -----------------------------------------------
     START FROM BEGINNING
 ---------------------------------------
 TORCH OPERATING CONDITIONS ARE GIVEN AS
  550. Amp,   67. VOLTG, Eff =   0.6
 Ar =  700. standard cm**3/sec
 H2 =  100. standard cm**3/sec
 MASS=   1.1340731g/s, POWER=   21.9202675KW
 Ucl=  131161.605 cm/s, powerv  4.
 Tcl=  13265.4653 K, powert  10.
 Frozen Speed of Sound=   2524.26382 m/sec
 SWIRL NUMBER =   0. peak w=  0.
 Pcl =   1010000. ,Pamb =   0.996792499 ATM
 ---------------------------------------
     NCYC =     1936, TIME = 0.10001E-03, DT = 0.66551E-07
     -----------------------------------------------
     TAPE DUMPED AT NCYC =     1936, TIME = 0.10001E-03
     NCYC =     3441, TIME = 0.20001E-03, DT = 0.66410E-07
     -----------------------------------------------
     TAPE DUMPED AT NCYC =     3441, TIME = 0.20001E-03
     NCYC =     4947, TIME = 0.30002E-03, DT = 0.66412E-07
     -----------------------------------------------
     TAPE DUMPED AT NCYC =     4947, TIME = 0.30002E-03
     NCYC =     6453, TIME = 0.40002E-03, DT = 0.66356E-07
     -----------------------------------------------
     TAPE DUMPED AT NCYC =     6453, TIME = 0.40002E-03
     NCYC =     7959, TIME = 0.50001E-03, DT = 0.66394E-07
     -----------------------------------------------
     TAPE DUMPED AT NCYC =     7959, TIME = 0.50001E-03
     NCYC =     9465, TIME = 0.60000E-03, DT = 0.66402E-07
     -----------------------------------------------
     TAPE DUMPED AT NCYC =     9465, TIME = 0.60000E-03
     NCYC =    10971, TIME = 0.70000E-03, DT = 0.66397E-07
     -----------------------------------------------
     TAPE DUMPED AT NCYC =    10971, TIME = 0.70000E-03
     NCYC =    12477, TIME = 0.79999E-03, DT = 0.66397E-07
     -----------------------------------------------
     TAPE DUMPED AT NCYC =    12477, TIME = 0.79999E-03
     NCYC =    13983, TIME = 0.89998E-03, DT = 0.66401E-07
     -----------------------------------------------
     TAPE DUMPED AT NCYC =    13983, TIME = 0.89998E-03
     NCYC =    15489, TIME = 0.10000E-02, DT = 0.66408E-07
     -----------------------------------------------
     TAPE DUMPED AT NCYC =    15489, TIME = 0.10000E-02
     NCYC =    16995, TIME = 0.11000E-02, DT = 0.66341E-07
     -----------------------------------------------
     TAPE DUMPED AT NCYC =    16995, TIME = 0.11000E-02
     NCYC =    18501, TIME = 0.12000E-02, DT = 0.66342E-07
     -----------------------------------------------
     TAPE DUMPED AT NCYC =    18501, TIME = 0.12000E-02
     NCYC =    20007, TIME = 0.13000E-02, DT = 0.66459E-07
     -----------------------------------------------
     TAPE DUMPED AT NCYC =    20007, TIME = 0.13000E-02
     NCYC =    21514, TIME = 0.14000E-02, DT = 0.66490E-07
     -----------------------------------------------
     TAPE DUMPED AT NCYC =    21514, TIME = 0.14000E-02
     NCYC =    23019, TIME = 0.15000E-02, DT = 0.66448E-07
     -----------------------------------------------
     TAPE DUMPED AT NCYC =    23019, TIME = 0.15000E-02
     NCYC =    24525, TIME = 0.16000E-02, DT = 0.66432E-07
     -----------------------------------------------
     TAPE DUMPED AT NCYC =    24525, TIME = 0.16000E-02
     NCYC =    26031, TIME = 0.17000E-02, DT = 0.66424E-07
     -----------------------------------------------
     TAPE DUMPED AT NCYC =    26031, TIME = 0.17000E-02
     NCYC =    27537, TIME = 0.18000E-02, DT = 0.66432E-07
     -----------------------------------------------
     TAPE DUMPED AT NCYC =    27537, TIME = 0.18000E-02
     NCYC =    29044, TIME = 0.19000E-02, DT = 0.66476E-07
     -----------------------------------------------
     TAPE DUMPED AT NCYC =    29044, TIME = 0.19000E-02
     NCYC =    30550, TIME = 0.20000E-02, DT = 0.66289E-07
     -----------------------------------------------
     TAPE DUMPED AT NCYC =    30550, TIME = 0.20000E-02
     NCYC =    32055, TIME = 0.21000E-02, DT = 0.66446E-07
     -----------------------------------------------
     TAPE DUMPED AT NCYC =    32055, TIME = 0.21000E-02
     NCYC =    33561, TIME = 0.22000E-02, DT = 0.66341E-07
     -----------------------------------------------
     TAPE DUMPED AT NCYC =    33561, TIME = 0.22000E-02
     NCYC =    35067, TIME = 0.23000E-02, DT = 0.66335E-07
     -----------------------------------------------
     TAPE DUMPED AT NCYC =    35067, TIME = 0.23000E-02
     NCYC =    36573, TIME = 0.24000E-02, DT = 0.66517E-07
     -----------------------------------------------
     TAPE DUMPED AT NCYC =    36573, TIME = 0.24000E-02
     NCYC =    38079, TIME = 0.25000E-02, DT = 0.66501E-07
     -----------------------------------------------
     TAPE DUMPED AT NCYC =    38079, TIME = 0.25000E-02
     NCYC =    39585, TIME = 0.26000E-02, DT = 0.66494E-07
     -----------------------------------------------
     TAPE DUMPED AT NCYC =    39585, TIME = 0.26000E-02
     NCYC =    41092, TIME = 0.27000E-02, DT = 0.66395E-07
     -----------------------------------------------
     TAPE DUMPED AT NCYC =    41092, TIME = 0.27000E-02
     NCYC =    42597, TIME = 0.28000E-02, DT = 0.66432E-07
     -----------------------------------------------
     TAPE DUMPED AT NCYC =    42597, TIME = 0.28000E-02
     NCYC =    44103, TIME = 0.29000E-02, DT = 0.66412E-07
     -----------------------------------------------
     TAPE DUMPED AT NCYC =    44103, TIME = 0.29000E-02
     NCYC =    45610, TIME = 0.30000E-02, DT = 0.66493E-07
     -----------------------------------------------
     TAPE DUMPED AT NCYC =    45610, TIME = 0.30000E-02
     NCYC =    47116, TIME = 0.31000E-02, DT = 0.66461E-07
     -----------------------------------------------
     TAPE DUMPED AT NCYC =    47116, TIME = 0.31000E-02
     NCYC =    48622, TIME = 0.32000E-02, DT = 0.66427E-07
     -----------------------------------------------
     TAPE DUMPED AT NCYC =    48622, TIME = 0.32000E-02
     NCYC =    50128, TIME = 0.33000E-02, DT = 0.66361E-07
     -----------------------------------------------
     TAPE DUMPED AT NCYC =    50128, TIME = 0.33000E-02
     NCYC =    51634, TIME = 0.34000E-02, DT = 0.66429E-07
     -----------------------------------------------
     TAPE DUMPED AT NCYC =    51634, TIME = 0.34000E-02
     NCYC =    53140, TIME = 0.35000E-02, DT = 0.66375E-07
     -----------------------------------------------
     TAPE DUMPED AT NCYC =    53140, TIME = 0.35000E-02
     NCYC =    54646, TIME = 0.36000E-02, DT = 0.66481E-07
     -----------------------------------------------
     TAPE DUMPED AT NCYC =    54646, TIME = 0.36000E-02
     NCYC =    56152, TIME = 0.37000E-02, DT = 0.66403E-07
     -----------------------------------------------
     TAPE DUMPED AT NCYC =    56152, TIME = 0.37000E-02
     NCYC =    57658, TIME = 0.38000E-02, DT = 0.66392E-07
     -----------------------------------------------
     TAPE DUMPED AT NCYC =    57658, TIME = 0.38000E-02
     NCYC =    59164, TIME = 0.39000E-02, DT = 0.66379E-07
     -----------------------------------------------
     TAPE DUMPED AT NCYC =    59164, TIME = 0.39000E-02
     NCYC =    60670, TIME = 0.40000E-02, DT = 0.66354E-07
     -----------------------------------------------
     TAPE DUMPED AT NCYC =    60670, TIME = 0.40000E-02
     NCYC =    62176, TIME = 0.41000E-02, DT = 0.66381E-07
     -----------------------------------------------
     TAPE DUMPED AT NCYC =    62176, TIME = 0.41000E-02
     NCYC =    63682, TIME = 0.42000E-02, DT = 0.66338E-07
     -----------------------------------------------
     TAPE DUMPED AT NCYC =    63682, TIME = 0.42000E-02
     NCYC =    65189, TIME = 0.43000E-02, DT = 0.66376E-07
     -----------------------------------------------
     TAPE DUMPED AT NCYC =    65189, TIME = 0.43000E-02
     NCYC =    66695, TIME = 0.44000E-02, DT = 0.66432E-07
     -----------------------------------------------
     TAPE DUMPED AT NCYC =    66695, TIME = 0.44000E-02
     NCYC =    68201, TIME = 0.45000E-02, DT = 0.66358E-07
     -----------------------------------------------
     TAPE DUMPED AT NCYC =    68201, TIME = 0.45000E-02
     NCYC =    69707, TIME = 0.46000E-02, DT = 0.66348E-07
     -----------------------------------------------
     TAPE DUMPED AT NCYC =    69707, TIME = 0.46000E-02
     NCYC =    71213, TIME = 0.47000E-02, DT = 0.66377E-07
     -----------------------------------------------
     TAPE DUMPED AT NCYC =    71213, TIME = 0.47000E-02
     NCYC =    72719, TIME = 0.48000E-02, DT = 0.66393E-07
     -----------------------------------------------
     TAPE DUMPED AT NCYC =    72719, TIME = 0.48000E-02
     NCYC =    74225, TIME = 0.49000E-02, DT = 0.66484E-07
     -----------------------------------------------
     TAPE DUMPED AT NCYC =    74225, TIME = 0.49000E-02
     NCYC =    75731, TIME = 0.50000E-02, DT = 0.66403E-07
     -----------------------------------------------
     TAPE DUMPED AT NCYC =    75731, TIME = 0.50000E-02
     -----------------------------------------------
     TAPE DUMPED AT NCYC =    75732, TIME = 0.50001E-02
